TN:
SF:C:\Users\Prashant\recipe-app\src\polyfills.ts
FNF:0
FNH:0
LF:0
LH:0
BRF:0
BRH:0
end_of_record
TN:
SF:C:\Users\Prashant\recipe-app\src\test.ts
FNF:0
FNH:0
DA:13,1
DA:18,1
DA:20,1
LF:3
LH:3
BRF:0
BRH:0
end_of_record
TN:
SF:C:\Users\Prashant\recipe-app\src\app\app.component.ts
FNF:0
FNH:0
DA:8,1
LF:1
LH:1
BRF:0
BRH:0
end_of_record
TN:
SF:C:\Users\Prashant\recipe-app\src\app\header\header.component.ts
FN:10,(anonymous_0)
FN:11,(anonymous_1)
FNF:2
FNH:2
FNDA:4,(anonymous_0)
FNDA:2,(anonymous_1)
DA:8,1
DA:9,4
LF:2
LH:2
BRF:0
BRH:0
end_of_record
TN:
SF:C:\Users\Prashant\recipe-app\src\app\page-not-found\page-not-found.component.ts
FN:10,(anonymous_0)
FN:12,(anonymous_1)
FNF:2
FNH:2
FNDA:2,(anonymous_0)
FNDA:2,(anonymous_1)
DA:8,1
LF:1
LH:1
BRF:0
BRH:0
end_of_record
TN:
SF:C:\Users\Prashant\recipe-app\src\app\recipes\recipe.service.ts
FN:15,(anonymous_0)
FN:20,(anonymous_1)
FN:26,(anonymous_2)
FN:33,(anonymous_3)
FN:40,(anonymous_4)
FN:56,(anonymous_5)
FN:62,(anonymous_6)
FN:72,(anonymous_7)
FN:74,(anonymous_8)
FN:85,(anonymous_9)
FN:88,(anonymous_10)
FN:96,(anonymous_11)
FNF:12
FNH:8
FNDA:22,(anonymous_0)
FNDA:1,(anonymous_1)
FNDA:1,(anonymous_2)
FNDA:2,(anonymous_3)
FNDA:3,(anonymous_4)
FNDA:0,(anonymous_5)
FNDA:3,(anonymous_6)
FNDA:0,(anonymous_7)
FNDA:0,(anonymous_8)
FNDA:1,(anonymous_9)
FNDA:0,(anonymous_10)
FNDA:7,(anonymous_11)
DA:9,1
DA:11,22
DA:12,22
DA:13,22
DA:15,22
DA:16,22
DA:21,1
DA:22,1
DA:27,1
DA:28,1
DA:34,2
DA:35,2
DA:41,3
DA:42,3
DA:43,3
DA:49,3
DA:50,3
DA:51,3
DA:57,0
DA:63,3
DA:64,3
DA:70,3
DA:71,3
DA:73,0
DA:74,0
DA:75,0
DA:76,0
DA:78,0
DA:80,0
DA:86,1
DA:87,1
DA:89,0
DA:90,0
DA:97,7
DA:98,7
LF:35
LH:26
BRF:0
BRH:0
end_of_record
TN:
SF:C:\Users\Prashant\recipe-app\src\app\recipes\recipes.component.ts
FN:10,(anonymous_0)
FN:12,(anonymous_1)
FNF:2
FNH:2
FNDA:1,(anonymous_0)
FNDA:1,(anonymous_1)
DA:8,1
LF:1
LH:1
BRF:0
BRH:0
end_of_record
TN:
SF:C:\Users\Prashant\recipe-app\src\app\recipes\recipe-detail\recipe-detail.component.ts
FN:27,(anonymous_0)
FN:29,(anonymous_1)
FN:33,(anonymous_2)
FN:40,(anonymous_3)
FN:42,(anonymous_4)
FN:54,(anonymous_5)
FN:60,(anonymous_6)
FN:65,(anonymous_7)
FNF:8
FNH:4
FNDA:1,(anonymous_0)
FNDA:1,(anonymous_1)
FNDA:1,(anonymous_2)
FNDA:1,(anonymous_3)
FNDA:0,(anonymous_4)
FNDA:0,(anonymous_5)
FNDA:0,(anonymous_6)
FNDA:0,(anonymous_7)
DA:12,1
DA:27,1
DA:31,1
DA:32,1
DA:34,1
DA:35,1
DA:42,1
DA:43,0
DA:53,0
DA:55,0
DA:61,0
DA:66,0
DA:67,0
LF:13
LH:7
BRF:0
BRH:0
end_of_record
TN:
SF:C:\Users\Prashant\recipe-app\src\app\recipes\recipe-edit\recipe-edit.component.ts
FN:25,(anonymous_0)
FN:27,(anonymous_1)
FN:31,(anonymous_2)
FN:39,(anonymous_3)
FN:49,(anonymous_4)
FN:91,(anonymous_5)
FN:100,(anonymous_6)
FN:105,(anonymous_7)
FN:110,(anonymous_8)
FN:120,(anonymous_9)
FNF:10
FNH:10
FNDA:7,(anonymous_0)
FNDA:14,(anonymous_1)
FNDA:14,(anonymous_2)
FNDA:15,(anonymous_3)
FNDA:1,(anonymous_4)
FNDA:3,(anonymous_5)
FNDA:1,(anonymous_6)
FNDA:2,(anonymous_7)
FNDA:2,(anonymous_8)
FNDA:30,(anonymous_9)
DA:20,1
DA:21,7
DA:25,7
DA:29,14
DA:32,14
DA:33,14
DA:34,14
DA:40,15
DA:41,15
DA:43,15
DA:44,15
DA:45,15
DA:47,15
DA:48,1
DA:50,1
DA:51,1
DA:52,1
DA:53,1
DA:54,1
DA:57,1
DA:58,1
DA:59,3
DA:66,1
DA:79,15
DA:92,3
DA:101,1
DA:106,2
DA:111,2
DA:112,1
DA:114,1
DA:115,1
DA:121,30
LF:32
LH:32
BRDA:47,0,0,1
BRDA:47,0,1,14
BRDA:57,1,0,1
BRDA:57,1,1,0
BRDA:111,2,0,1
BRDA:111,2,1,1
BRF:6
BRH:5
end_of_record
TN:
SF:C:\Users\Prashant\recipe-app\src\app\recipes\recipe-entry\recipe-entry.component.ts
FN:12,(anonymous_0)
FN:14,(anonymous_1)
FN:17,(anonymous_2)
FNF:3
FNH:3
FNDA:3,(anonymous_0)
FNDA:3,(anonymous_1)
FNDA:1,(anonymous_2)
DA:9,1
DA:12,3
DA:16,3
DA:18,1
LF:4
LH:4
BRF:0
BRH:0
end_of_record
TN:
SF:C:\Users\Prashant\recipe-app\src\app\recipes\recipe-list\recipe-list.component.ts
FN:23,(anonymous_0)
FN:25,(anonymous_1)
FN:29,(anonymous_2)
FN:34,(anonymous_3)
FN:39,(anonymous_4)
FN:45,(anonymous_5)
FNF:6
FNH:6
FNDA:5,(anonymous_0)
FNDA:7,(anonymous_1)
FNDA:1,(anonymous_2)
FNDA:1,(anonymous_3)
FNDA:1,(anonymous_4)
FNDA:5,(anonymous_5)
DA:11,1
DA:12,5
DA:16,5
DA:17,5
DA:18,5
DA:19,5
DA:20,5
DA:23,5
DA:26,7
DA:28,7
DA:30,1
DA:31,1
DA:32,1
DA:35,1
DA:36,1
DA:39,7
DA:40,1
DA:46,5
LF:18
LH:18
BRF:0
BRH:0
end_of_record
TN:
SF:C:\Users\Prashant\recipe-app\src\app\recipes\recipe-list\recipefilter.pipe.ts
FN:9,(anonymous_0)
FN:10,(anonymous_1)
FNF:2
FNH:2
FNDA:1,(anonymous_0)
FNDA:2,(anonymous_1)
DA:8,1
DA:10,1
DA:11,2
LF:3
LH:3
BRDA:11,0,0,2
BRDA:11,0,1,0
BRF:2
BRH:1
end_of_record
TN:
SF:C:\Users\Prashant\recipe-app\src\app\recipes\recipe-list\recipesearch.pipe.ts
FN:11,(anonymous_0)
FN:15,(anonymous_1)
FNF:2
FNH:2
FNDA:3,(anonymous_0)
FNDA:2,(anonymous_1)
DA:9,1
DA:12,3
DA:13,2
DA:15,1
DA:16,2
DA:17,2
LF:6
LH:6
BRDA:12,0,0,1
BRDA:12,0,1,2
BRDA:13,1,0,1
BRDA:13,1,1,1
BRF:4
BRH:4
end_of_record
TN:
SF:C:\Users\Prashant\recipe-app\src\app\recipes\recipe-list\recipe-item\recipe-item.component.ts
FN:12,(anonymous_0)
FN:14,(anonymous_1)
FNF:2
FNH:0
FNDA:0,(anonymous_0)
FNDA:0,(anonymous_1)
DA:9,1
DA:10,1
LF:2
LH:2
BRF:0
BRH:0
end_of_record
TN:
SF:C:\Users\Prashant\recipe-app\src\environments\environment.ts
FNF:0
FNH:0
DA:5,1
LF:1
LH:1
BRF:0
BRH:0
end_of_record
